2022-07-24 22:25:12 [31merror[39m: Error: [BigNumber Error] DECIMAL_PLACES not an integer: NaN
    at intCheck (/Users/mac/Development/naluriSpace/server/node_modules/bignumber.js/bignumber.js:2834:13)
    at Function.BigNumber.config.BigNumber.set (/Users/mac/Development/naluriSpace/server/node_modules/bignumber.js/bignumber.js:441:13)
    at computePI (/Users/mac/Development/naluriSpace/server/computation/pi_digitComputation.js:15:13)
    at calculateCircumference (/Users/mac/Development/naluriSpace/server/controller/index.js:166:41)
    at insertPlanetController (/Users/mac/Development/naluriSpace/server/controller/index.js:30:37)
    at processTicksAndRejections (node:internal/process/task_queues:96:5)
2022-07-24 22:25:12 [31merror[39m: TypeError: Cannot destructure property 'planetCircumference' of 'calculateResult' as it is undefined.
    at insertPlanetController (/Users/mac/Development/naluriSpace/server/controller/index.js:34:15)
    at processTicksAndRejections (node:internal/process/task_queues:96:5)
2022-07-24 22:32:17 [31merror[39m: ReferenceError: planetCircumference is not defined
    at updatePlanetController (/Users/mac/Development/naluriSpace/server/controller/index.js:141:7)
    at Layer.handle [as handle_request] (/Users/mac/Development/naluriSpace/server/node_modules/express/lib/router/layer.js:95:5)
    at next (/Users/mac/Development/naluriSpace/server/node_modules/express/lib/router/route.js:144:13)
    at Route.dispatch (/Users/mac/Development/naluriSpace/server/node_modules/express/lib/router/route.js:114:3)
    at Layer.handle [as handle_request] (/Users/mac/Development/naluriSpace/server/node_modules/express/lib/router/layer.js:95:5)
    at /Users/mac/Development/naluriSpace/server/node_modules/express/lib/router/index.js:284:15
    at Function.process_params (/Users/mac/Development/naluriSpace/server/node_modules/express/lib/router/index.js:346:12)
    at next (/Users/mac/Development/naluriSpace/server/node_modules/express/lib/router/index.js:280:10)
    at Function.handle (/Users/mac/Development/naluriSpace/server/node_modules/express/lib/router/index.js:175:3)
    at router (/Users/mac/Development/naluriSpace/server/node_modules/express/lib/router/index.js:47:12)
2022-07-24 22:45:35 [31merror[39m: Error: [BigNumber Error] DECIMAL_PLACES not an integer: NaN
    at intCheck (/Users/mac/Development/naluriSpace/server/node_modules/bignumber.js/bignumber.js:2834:13)
    at Function.BigNumber.config.BigNumber.set (/Users/mac/Development/naluriSpace/server/node_modules/bignumber.js/bignumber.js:441:13)
    at computePI (/Users/mac/Development/naluriSpace/server/computation/pi_digitComputation.js:15:13)
    at calculateCircumference (/Users/mac/Development/naluriSpace/server/controller/index.js:172:41)
    at updatePlanetController (/Users/mac/Development/naluriSpace/server/controller/index.js:138:53)
    at Layer.handle [as handle_request] (/Users/mac/Development/naluriSpace/server/node_modules/express/lib/router/layer.js:95:5)
    at next (/Users/mac/Development/naluriSpace/server/node_modules/express/lib/router/route.js:144:13)
    at Route.dispatch (/Users/mac/Development/naluriSpace/server/node_modules/express/lib/router/route.js:114:3)
    at Layer.handle [as handle_request] (/Users/mac/Development/naluriSpace/server/node_modules/express/lib/router/layer.js:95:5)
    at /Users/mac/Development/naluriSpace/server/node_modules/express/lib/router/index.js:284:15
2022-07-24 22:45:35 [31merror[39m: TypeError: Cannot destructure property 'planetCircumference' of 'calculationByIncrementDigitResult' as it is undefined.
    at updatePlanetController (/Users/mac/Development/naluriSpace/server/controller/index.js:142:13)
    at processTicksAndRejections (node:internal/process/task_queues:96:5)
2022-07-24 22:52:08 [31merror[39m: Error: Incorrect number of arguments for PROCEDURE naluri_space.SP_UpdatePlanet; expected 5, got 6
    at PromisePool.query (/Users/mac/Development/naluriSpace/server/node_modules/mysql2/promise.js:341:22)
    at Object.updatePlanetQuery (/Users/mac/Development/naluriSpace/server/model/index.js:43:14)
    at processTicksAndRejections (node:internal/process/task_queues:96:5)
    at async updatePlanetController (/Users/mac/Development/naluriSpace/server/controller/index.js:146:5)
2022-07-24 22:52:17 [31merror[39m: Error: Incorrect number of arguments for PROCEDURE naluri_space.SP_UpdatePlanet; expected 5, got 6
    at PromisePool.query (/Users/mac/Development/naluriSpace/server/node_modules/mysql2/promise.js:341:22)
    at Object.updatePlanetQuery (/Users/mac/Development/naluriSpace/server/model/index.js:43:14)
    at processTicksAndRejections (node:internal/process/task_queues:96:5)
    at async updatePlanetController (/Users/mac/Development/naluriSpace/server/controller/index.js:146:5)
2022-07-24 22:52:37 [31merror[39m: Error: Incorrect number of arguments for PROCEDURE naluri_space.SP_UpdatePlanet; expected 5, got 6
    at PromisePool.query (/Users/mac/Development/naluriSpace/server/node_modules/mysql2/promise.js:341:22)
    at Object.updatePlanetQuery (/Users/mac/Development/naluriSpace/server/model/index.js:43:14)
    at processTicksAndRejections (node:internal/process/task_queues:96:5)
    at async updatePlanetController (/Users/mac/Development/naluriSpace/server/controller/index.js:146:5)
2022-07-24 23:37:46 [31merror[39m: Error: Incorrect integer value: ':15' for column 'p_Planet_ID' at row 1
    at PromisePool.query (/Users/mac/Development/naluriSpace/server/node_modules/mysql2/promise.js:341:22)
    at Object.deletePlanetQuery (/Users/mac/Development/naluriSpace/server/model/index.js:56:14)
    at processTicksAndRejections (node:internal/process/task_queues:96:5)
    at async deletePlanetController (/Users/mac/Development/naluriSpace/server/controller/index.js:164:5)
2022-07-24 23:39:54 [31merror[39m: Error: Incorrect integer value: ':15' for column 'p_Planet_ID' at row 1
    at PromisePool.query (/Users/mac/Development/naluriSpace/server/node_modules/mysql2/promise.js:341:22)
    at Object.deletePlanetQuery (/Users/mac/Development/naluriSpace/server/model/index.js:56:14)
    at processTicksAndRejections (node:internal/process/task_queues:96:5)
    at async deletePlanetController (/Users/mac/Development/naluriSpace/server/controller/index.js:165:5)
2022-07-24 23:41:50 [31merror[39m: Error: [BigNumber Error] DECIMAL_PLACES not an integer: NaN
    at intCheck (/Users/mac/Development/naluriSpace/server/node_modules/bignumber.js/bignumber.js:2834:13)
    at Function.BigNumber.config.BigNumber.set (/Users/mac/Development/naluriSpace/server/node_modules/bignumber.js/bignumber.js:441:13)
    at computePI (/Users/mac/Development/naluriSpace/server/computation/pi_digitComputation.js:15:13)
    at calculateCircumference (/Users/mac/Development/naluriSpace/server/controller/index.js:187:41)
    at insertPlanetIncrementController (/Users/mac/Development/naluriSpace/server/controller/index.js:93:37)
    at processTicksAndRejections (node:internal/process/task_queues:96:5)
2022-07-24 23:41:50 [31merror[39m: TypeError: Cannot destructure property 'planetCircumference' of 'calculateResult' as it is undefined.
    at insertPlanetIncrementController (/Users/mac/Development/naluriSpace/server/controller/index.js:97:15)
    at processTicksAndRejections (node:internal/process/task_queues:96:5)
2022-07-24 23:43:33 [31merror[39m: Error: Out of range value for column 'p_Planet_Diameter' at row 1
    at PromisePool.query (/Users/mac/Development/naluriSpace/server/node_modules/mysql2/promise.js:341:22)
    at Object.updatePlanetQuery (/Users/mac/Development/naluriSpace/server/model/index.js:43:14)
    at processTicksAndRejections (node:internal/process/task_queues:96:5)
    at async insertPlanetIncrementController (/Users/mac/Development/naluriSpace/server/controller/index.js:121:5)
2022-07-24 23:47:41 [31merror[39m: Error: Out of range value for column 'p_Planet_Diameter' at row 1
    at PromisePool.query (/Users/mac/Development/naluriSpace/server/node_modules/mysql2/promise.js:341:22)
    at Object.updatePlanetQuery (/Users/mac/Development/naluriSpace/server/model/index.js:43:14)
    at processTicksAndRejections (node:internal/process/task_queues:96:5)
    at async insertPlanetIncrementController (/Users/mac/Development/naluriSpace/server/controller/index.js:121:5)
2022-07-24 23:51:56 [31merror[39m: Error: Out of range value for column 'p_Planet_Diameter' at row 1
    at PromisePool.query (/Users/mac/Development/naluriSpace/server/node_modules/mysql2/promise.js:341:22)
    at Object.updatePlanetQuery (/Users/mac/Development/naluriSpace/server/model/index.js:43:14)
    at processTicksAndRejections (node:internal/process/task_queues:96:5)
    at async insertPlanetIncrementController (/Users/mac/Development/naluriSpace/server/controller/index.js:121:5)
2022-07-25 00:08:32 [31merror[39m: TypeError: Cannot read properties of undefined (reading 'Pi_Digit')
    at insertPlanetIncrementController (/Users/mac/Development/naluriSpace/server/controller/index.js:89:36)
    at processTicksAndRejections (node:internal/process/task_queues:96:5)
2022-07-27 22:12:00 [31merror[39m: TypeError: Cannot read properties of undefined (reading 'Pi_Digit')
    at insertPlanetIncrementController (/Users/mac/Development/naluriSpace/server/controller/index.js:89:36)
    at processTicksAndRejections (node:internal/process/task_queues:96:5)
2022-07-27 22:12:00 [31merror[39m: Error [ERR_HTTP_HEADERS_SENT]: Cannot set headers after they are sent to the client
    at new NodeError (node:internal/errors:371:5)
    at ServerResponse.setHeader (node:_http_outgoing:576:11)
    at ServerResponse.header (/Users/mac/Development/naluriSpace/server/node_modules/express/lib/response.js:794:10)
    at ServerResponse.send (/Users/mac/Development/naluriSpace/server/node_modules/express/lib/response.js:174:12)
    at ServerResponse.json (/Users/mac/Development/naluriSpace/server/node_modules/express/lib/response.js:278:15)
    at ServerResponse.send (/Users/mac/Development/naluriSpace/server/node_modules/express/lib/response.js:162:21)
    at insertPlanetIncrementController (/Users/mac/Development/naluriSpace/server/controller/index.js:113:10)
    at processTicksAndRejections (node:internal/process/task_queues:96:5)
2022-07-27 22:48:29 [31merror[39m: TypeError: dataModel.updatePlanetQuerya is not a function
    at insertPlanetIncrementController (/Users/mac/Development/naluriSpace/server/controller/index.js:132:21)
    at processTicksAndRejections (node:internal/process/task_queues:96:5)
2022-07-27 22:49:06 [31merror[39m: TypeError: dataModel.updatePlanetQuerya is not a function
    at insertPlanetIncrementController (/Users/mac/Development/naluriSpace/server/controller/index.js:132:21)
    at processTicksAndRejections (node:internal/process/task_queues:96:5)
2022-07-27 22:51:22 [31merror[39m: TypeError: dataModel.updatePlanetQuerya is not a function
    at insertPlanetIncrementController (/Users/mac/Development/naluriSpace/server/controller/index.js:132:21)
    at processTicksAndRejections (node:internal/process/task_queues:96:5)
2022-07-27 22:52:33 [31merror[39m: TypeError: dataModel.updatePlanetQuerya is not a function
    at insertPlanetIncrementController (/Users/mac/Development/naluriSpace/server/controller/index.js:132:21)
    at processTicksAndRejections (node:internal/process/task_queues:96:5)
2022-07-27 22:53:12 [31merror[39m: TypeError: dataModel.updatePlanetQuerya is not a function
    at insertPlanetIncrementController (/Users/mac/Development/naluriSpace/server/controller/index.js:132:21)
    at processTicksAndRejections (node:internal/process/task_queues:96:5)
2022-07-28 01:20:19 [31merror[39m: TypeError: dataModel.updatePlanetQuerya is not a function
    at insertPlanetIncrementController (/Users/mac/Development/naluriSpace/server/controller/index.js:132:21)
    at processTicksAndRejections (node:internal/process/task_queues:96:5)
2022-08-01 00:50:51 [31merror[39m: TypeError: Class constructor BoundPool cannot be invoked without 'new'
    at Object.selectAllPlanetsQuery_PG (/Users/mac/Development/naluriSpace/server/model/index.js:6:22)
    at selectAllPlanetsController_PG (/Users/mac/Development/naluriSpace/server/controller/index.js:7:40)
    at Layer.handle [as handle_request] (/Users/mac/Development/naluriSpace/server/node_modules/express/lib/router/layer.js:95:5)
    at next (/Users/mac/Development/naluriSpace/server/node_modules/express/lib/router/route.js:144:13)
    at Route.dispatch (/Users/mac/Development/naluriSpace/server/node_modules/express/lib/router/route.js:114:3)
    at Layer.handle [as handle_request] (/Users/mac/Development/naluriSpace/server/node_modules/express/lib/router/layer.js:95:5)
    at /Users/mac/Development/naluriSpace/server/node_modules/express/lib/router/index.js:284:15
    at Function.process_params (/Users/mac/Development/naluriSpace/server/node_modules/express/lib/router/index.js:346:12)
    at next (/Users/mac/Development/naluriSpace/server/node_modules/express/lib/router/index.js:280:10)
    at Function.handle (/Users/mac/Development/naluriSpace/server/node_modules/express/lib/router/index.js:175:3)
2022-08-01 00:51:16 [31merror[39m: TypeError: pool.proc is not a function
    at Object.selectAllPlanetsQuery_PG (/Users/mac/Development/naluriSpace/server/model/index.js:8:29)
    at async selectAllPlanetsController_PG (/Users/mac/Development/naluriSpace/server/controller/index.js:7:24)
2022-08-01 00:51:42 [31merror[39m: error: syntax error at or near "sp_getplanets"
    at Parser.parseErrorMessage (/Users/mac/Development/naluriSpace/server/node_modules/pg-protocol/dist/parser.js:287:98)
    at Parser.handlePacket (/Users/mac/Development/naluriSpace/server/node_modules/pg-protocol/dist/parser.js:126:29)
    at Parser.parse (/Users/mac/Development/naluriSpace/server/node_modules/pg-protocol/dist/parser.js:39:38)
    at Socket.<anonymous> (/Users/mac/Development/naluriSpace/server/node_modules/pg-protocol/dist/index.js:11:42)
    at Socket.emit (node:events:390:28)
    at addChunk (node:internal/streams/readable:315:12)
    at readableAddChunk (node:internal/streams/readable:289:9)
    at Socket.Readable.push (node:internal/streams/readable:228:10)
    at TCP.onStreamRead (node:internal/stream_base_commons:199:23)
2022-08-01 00:51:59 [31merror[39m: error: syntax error at or near "sp_getplanets"
    at Parser.parseErrorMessage (/Users/mac/Development/naluriSpace/server/node_modules/pg-protocol/dist/parser.js:287:98)
    at Parser.handlePacket (/Users/mac/Development/naluriSpace/server/node_modules/pg-protocol/dist/parser.js:126:29)
    at Parser.parse (/Users/mac/Development/naluriSpace/server/node_modules/pg-protocol/dist/parser.js:39:38)
    at Socket.<anonymous> (/Users/mac/Development/naluriSpace/server/node_modules/pg-protocol/dist/index.js:11:42)
    at Socket.emit (node:events:390:28)
    at addChunk (node:internal/streams/readable:315:12)
    at readableAddChunk (node:internal/streams/readable:289:9)
    at Socket.Readable.push (node:internal/streams/readable:228:10)
    at TCP.onStreamRead (node:internal/stream_base_commons:199:23)
2022-08-01 00:52:25 [31merror[39m: error: query has no destination for result data
    at Parser.parseErrorMessage (/Users/mac/Development/naluriSpace/server/node_modules/pg-protocol/dist/parser.js:287:98)
    at Parser.handlePacket (/Users/mac/Development/naluriSpace/server/node_modules/pg-protocol/dist/parser.js:126:29)
    at Parser.parse (/Users/mac/Development/naluriSpace/server/node_modules/pg-protocol/dist/parser.js:39:38)
    at Socket.<anonymous> (/Users/mac/Development/naluriSpace/server/node_modules/pg-protocol/dist/index.js:11:42)
    at Socket.emit (node:events:390:28)
    at addChunk (node:internal/streams/readable:315:12)
    at readableAddChunk (node:internal/streams/readable:289:9)
    at Socket.Readable.push (node:internal/streams/readable:228:10)
    at TCP.onStreamRead (node:internal/stream_base_commons:199:23)
2022-08-01 00:54:04 [31merror[39m: error: query has no destination for result data
    at Parser.parseErrorMessage (/Users/mac/Development/naluriSpace/server/node_modules/pg-protocol/dist/parser.js:287:98)
    at Parser.handlePacket (/Users/mac/Development/naluriSpace/server/node_modules/pg-protocol/dist/parser.js:126:29)
    at Parser.parse (/Users/mac/Development/naluriSpace/server/node_modules/pg-protocol/dist/parser.js:39:38)
    at Socket.<anonymous> (/Users/mac/Development/naluriSpace/server/node_modules/pg-protocol/dist/index.js:11:42)
    at Socket.emit (node:events:390:28)
    at addChunk (node:internal/streams/readable:315:12)
    at readableAddChunk (node:internal/streams/readable:289:9)
    at Socket.Readable.push (node:internal/streams/readable:228:10)
    at TCP.onStreamRead (node:internal/stream_base_commons:199:23)
2022-08-01 01:24:21 [31merror[39m: error: procedure sp_getplanets2() does not exist
    at Parser.parseErrorMessage (/Users/mac/Development/naluriSpace/server/node_modules/pg-protocol/dist/parser.js:287:98)
    at Parser.handlePacket (/Users/mac/Development/naluriSpace/server/node_modules/pg-protocol/dist/parser.js:126:29)
    at Parser.parse (/Users/mac/Development/naluriSpace/server/node_modules/pg-protocol/dist/parser.js:39:38)
    at Socket.<anonymous> (/Users/mac/Development/naluriSpace/server/node_modules/pg-protocol/dist/index.js:11:42)
    at Socket.emit (node:events:390:28)
    at addChunk (node:internal/streams/readable:315:12)
    at readableAddChunk (node:internal/streams/readable:289:9)
    at Socket.Readable.push (node:internal/streams/readable:228:10)
    at TCP.onStreamRead (node:internal/stream_base_commons:199:23)
2022-08-01 01:24:51 [31merror[39m: error: syntax error at or near "sp_getplanets2"
    at Parser.parseErrorMessage (/Users/mac/Development/naluriSpace/server/node_modules/pg-protocol/dist/parser.js:287:98)
    at Parser.handlePacket (/Users/mac/Development/naluriSpace/server/node_modules/pg-protocol/dist/parser.js:126:29)
    at Parser.parse (/Users/mac/Development/naluriSpace/server/node_modules/pg-protocol/dist/parser.js:39:38)
    at Socket.<anonymous> (/Users/mac/Development/naluriSpace/server/node_modules/pg-protocol/dist/index.js:11:42)
    at Socket.emit (node:events:390:28)
    at addChunk (node:internal/streams/readable:315:12)
    at readableAddChunk (node:internal/streams/readable:289:9)
    at Socket.Readable.push (node:internal/streams/readable:228:10)
    at TCP.onStreamRead (node:internal/stream_base_commons:199:23)
2022-08-01 01:25:09 [31merror[39m: error: syntax error at or near "sp_getplanets2"
    at Parser.parseErrorMessage (/Users/mac/Development/naluriSpace/server/node_modules/pg-protocol/dist/parser.js:287:98)
    at Parser.handlePacket (/Users/mac/Development/naluriSpace/server/node_modules/pg-protocol/dist/parser.js:126:29)
    at Parser.parse (/Users/mac/Development/naluriSpace/server/node_modules/pg-protocol/dist/parser.js:39:38)
    at Socket.<anonymous> (/Users/mac/Development/naluriSpace/server/node_modules/pg-protocol/dist/index.js:11:42)
    at Socket.emit (node:events:390:28)
    at addChunk (node:internal/streams/readable:315:12)
    at readableAddChunk (node:internal/streams/readable:289:9)
    at Socket.Readable.push (node:internal/streams/readable:228:10)
    at TCP.onStreamRead (node:internal/stream_base_commons:199:23)
2022-08-01 01:27:05 [31merror[39m: TypeError: pool.func is not a function
    at Object.selectAllPlanetsQuery_PG (/Users/mac/Development/naluriSpace/server/model/index.js:8:29)
    at async selectAllPlanetsController_PG (/Users/mac/Development/naluriSpace/server/controller/index.js:7:24)
2022-08-01 01:27:17 [31merror[39m: error: syntax error at or near "sp_getplanets2"
    at Parser.parseErrorMessage (/Users/mac/Development/naluriSpace/server/node_modules/pg-protocol/dist/parser.js:287:98)
    at Parser.handlePacket (/Users/mac/Development/naluriSpace/server/node_modules/pg-protocol/dist/parser.js:126:29)
    at Parser.parse (/Users/mac/Development/naluriSpace/server/node_modules/pg-protocol/dist/parser.js:39:38)
    at Socket.<anonymous> (/Users/mac/Development/naluriSpace/server/node_modules/pg-protocol/dist/index.js:11:42)
    at Socket.emit (node:events:390:28)
    at addChunk (node:internal/streams/readable:315:12)
    at readableAddChunk (node:internal/streams/readable:289:9)
    at Socket.Readable.push (node:internal/streams/readable:228:10)
    at TCP.onStreamRead (node:internal/stream_base_commons:199:23)
2022-08-01 01:27:40 [31merror[39m: error: syntax error at or near "sp_getplanets2"
    at Parser.parseErrorMessage (/Users/mac/Development/naluriSpace/server/node_modules/pg-protocol/dist/parser.js:287:98)
    at Parser.handlePacket (/Users/mac/Development/naluriSpace/server/node_modules/pg-protocol/dist/parser.js:126:29)
    at Parser.parse (/Users/mac/Development/naluriSpace/server/node_modules/pg-protocol/dist/parser.js:39:38)
    at Socket.<anonymous> (/Users/mac/Development/naluriSpace/server/node_modules/pg-protocol/dist/index.js:11:42)
    at Socket.emit (node:events:390:28)
    at addChunk (node:internal/streams/readable:315:12)
    at readableAddChunk (node:internal/streams/readable:289:9)
    at Socket.Readable.push (node:internal/streams/readable:228:10)
    at TCP.onStreamRead (node:internal/stream_base_commons:199:23)
2022-08-01 01:33:30 [31merror[39m: error: syntax error at or near "sp_getplanets2"
    at Parser.parseErrorMessage (/Users/mac/Development/naluriSpace/server/node_modules/pg-protocol/dist/parser.js:287:98)
    at Parser.handlePacket (/Users/mac/Development/naluriSpace/server/node_modules/pg-protocol/dist/parser.js:126:29)
    at Parser.parse (/Users/mac/Development/naluriSpace/server/node_modules/pg-protocol/dist/parser.js:39:38)
    at Socket.<anonymous> (/Users/mac/Development/naluriSpace/server/node_modules/pg-protocol/dist/index.js:11:42)
    at Socket.emit (node:events:390:28)
    at addChunk (node:internal/streams/readable:315:12)
    at readableAddChunk (node:internal/streams/readable:289:9)
    at Socket.Readable.push (node:internal/streams/readable:228:10)
    at TCP.onStreamRead (node:internal/stream_base_commons:199:23)
2022-08-01 01:38:32 [31merror[39m: error: syntax error at or near "sp_getplanets2"
    at Parser.parseErrorMessage (/Users/mac/Development/naluriSpace/server/node_modules/pg-protocol/dist/parser.js:287:98)
    at Parser.handlePacket (/Users/mac/Development/naluriSpace/server/node_modules/pg-protocol/dist/parser.js:126:29)
    at Parser.parse (/Users/mac/Development/naluriSpace/server/node_modules/pg-protocol/dist/parser.js:39:38)
    at Socket.<anonymous> (/Users/mac/Development/naluriSpace/server/node_modules/pg-protocol/dist/index.js:11:42)
    at Socket.emit (node:events:390:28)
    at addChunk (node:internal/streams/readable:315:12)
    at readableAddChunk (node:internal/streams/readable:289:9)
    at Socket.Readable.push (node:internal/streams/readable:228:10)
    at TCP.onStreamRead (node:internal/stream_base_commons:199:23)
2022-08-01 01:38:33 [31merror[39m: error: syntax error at or near "sp_getplanets2"
    at Parser.parseErrorMessage (/Users/mac/Development/naluriSpace/server/node_modules/pg-protocol/dist/parser.js:287:98)
    at Parser.handlePacket (/Users/mac/Development/naluriSpace/server/node_modules/pg-protocol/dist/parser.js:126:29)
    at Parser.parse (/Users/mac/Development/naluriSpace/server/node_modules/pg-protocol/dist/parser.js:39:38)
    at Socket.<anonymous> (/Users/mac/Development/naluriSpace/server/node_modules/pg-protocol/dist/index.js:11:42)
    at Socket.emit (node:events:390:28)
    at addChunk (node:internal/streams/readable:315:12)
    at readableAddChunk (node:internal/streams/readable:289:9)
    at Socket.Readable.push (node:internal/streams/readable:228:10)
    at TCP.onStreamRead (node:internal/stream_base_commons:199:23)
2022-08-01 11:49:32 [31merror[39m: error: bind message supplies 1 parameters, but prepared statement "" requires 5
    at Parser.parseErrorMessage (/Users/mac/Development/naluriSpace/server/node_modules/pg-protocol/dist/parser.js:287:98)
    at Parser.handlePacket (/Users/mac/Development/naluriSpace/server/node_modules/pg-protocol/dist/parser.js:126:29)
    at Parser.parse (/Users/mac/Development/naluriSpace/server/node_modules/pg-protocol/dist/parser.js:39:38)
    at Socket.<anonymous> (/Users/mac/Development/naluriSpace/server/node_modules/pg-protocol/dist/index.js:11:42)
    at Socket.emit (node:events:390:28)
    at addChunk (node:internal/streams/readable:315:12)
    at readableAddChunk (node:internal/streams/readable:289:9)
    at Socket.Readable.push (node:internal/streams/readable:228:10)
    at TCP.onStreamRead (node:internal/stream_base_commons:199:23)
2022-08-01 14:02:49 [31merror[39m: ReferenceError: data is not defined
    at Object.findPlanetQuery_PGSQL (/Users/mac/Development/naluriSpace/server/model/index.js:63:17)
    at findPlanetController_PGSQL (/Users/mac/Development/naluriSpace/server/controller/index.js:49:38)
    at Layer.handle [as handle_request] (/Users/mac/Development/naluriSpace/server/node_modules/express/lib/router/layer.js:95:5)
    at next (/Users/mac/Development/naluriSpace/server/node_modules/express/lib/router/route.js:144:13)
    at Route.dispatch (/Users/mac/Development/naluriSpace/server/node_modules/express/lib/router/route.js:114:3)
    at Layer.handle [as handle_request] (/Users/mac/Development/naluriSpace/server/node_modules/express/lib/router/layer.js:95:5)
    at /Users/mac/Development/naluriSpace/server/node_modules/express/lib/router/index.js:284:15
    at param (/Users/mac/Development/naluriSpace/server/node_modules/express/lib/router/index.js:365:14)
    at param (/Users/mac/Development/naluriSpace/server/node_modules/express/lib/router/index.js:376:14)
    at Function.process_params (/Users/mac/Development/naluriSpace/server/node_modules/express/lib/router/index.js:421:3)
2022-08-01 14:03:33 [31merror[39m: Error: A query must have either text or a name. Supplying neither is unsupported.
    at Query.submit (/Users/mac/Development/naluriSpace/server/node_modules/pg/lib/query.js:145:14)
    at Client._pulseQueryQueue (/Users/mac/Development/naluriSpace/server/node_modules/pg/lib/client.js:481:45)
    at Client._handleReadyForQuery (/Users/mac/Development/naluriSpace/server/node_modules/pg/lib/client.js:292:10)
    at Connection.emit (node:events:390:28)
    at /Users/mac/Development/naluriSpace/server/node_modules/pg/lib/connection.js:114:12
    at Parser.parse (/Users/mac/Development/naluriSpace/server/node_modules/pg-protocol/dist/parser.js:40:17)
    at Socket.<anonymous> (/Users/mac/Development/naluriSpace/server/node_modules/pg-protocol/dist/index.js:11:42)
    at Socket.emit (node:events:390:28)
    at addChunk (node:internal/streams/readable:315:12)
    at readableAddChunk (node:internal/streams/readable:289:9)
2022-08-01 15:03:58 [31merror[39m: Error [ERR_HTTP_HEADERS_SENT]: Cannot set headers after they are sent to the client
    at new NodeError (node:internal/errors:371:5)
    at ServerResponse.setHeader (node:_http_outgoing:576:11)
    at ServerResponse.header (/Users/mac/Development/naluriSpace/server/node_modules/express/lib/response.js:794:10)
    at ServerResponse.send (/Users/mac/Development/naluriSpace/server/node_modules/express/lib/response.js:174:12)
    at ServerResponse.json (/Users/mac/Development/naluriSpace/server/node_modules/express/lib/response.js:278:15)
    at ServerResponse.send (/Users/mac/Development/naluriSpace/server/node_modules/express/lib/response.js:162:21)
    at insertPlanetController_PGSQL (/Users/mac/Development/naluriSpace/server/controller/index.js:63:8)
    at processTicksAndRejections (node:internal/process/task_queues:96:5)
2022-08-02 04:37:45 [31merror[39m: error: invalid input syntax for type numeric: "undefined"
    at Parser.parseErrorMessage (/Users/mac/Development/naluriSpace/server/node_modules/pg-protocol/dist/parser.js:287:98)
    at Parser.handlePacket (/Users/mac/Development/naluriSpace/server/node_modules/pg-protocol/dist/parser.js:126:29)
    at Parser.parse (/Users/mac/Development/naluriSpace/server/node_modules/pg-protocol/dist/parser.js:39:38)
    at Socket.<anonymous> (/Users/mac/Development/naluriSpace/server/node_modules/pg-protocol/dist/index.js:11:42)
    at Socket.emit (node:events:390:28)
    at addChunk (node:internal/streams/readable:315:12)
    at readableAddChunk (node:internal/streams/readable:289:9)
    at Socket.Readable.push (node:internal/streams/readable:228:10)
    at TCP.onStreamRead (node:internal/stream_base_commons:199:23)
2022-08-02 04:38:21 [31merror[39m: error: invalid input syntax for type numeric: "undefined"
    at Parser.parseErrorMessage (/Users/mac/Development/naluriSpace/server/node_modules/pg-protocol/dist/parser.js:287:98)
    at Parser.handlePacket (/Users/mac/Development/naluriSpace/server/node_modules/pg-protocol/dist/parser.js:126:29)
    at Parser.parse (/Users/mac/Development/naluriSpace/server/node_modules/pg-protocol/dist/parser.js:39:38)
    at Socket.<anonymous> (/Users/mac/Development/naluriSpace/server/node_modules/pg-protocol/dist/index.js:11:42)
    at Socket.emit (node:events:390:28)
    at addChunk (node:internal/streams/readable:315:12)
    at readableAddChunk (node:internal/streams/readable:289:9)
    at Socket.Readable.push (node:internal/streams/readable:228:10)
    at TCP.onStreamRead (node:internal/stream_base_commons:199:23)
2022-08-02 06:17:03 [31merror[39m: Error: [BigNumber Error] Argument not a primitive number: 6
    at intCheck (/Users/mac/Development/naluriSpace/server/node_modules/bignumber.js/bignumber.js:2834:13)
    at BigNumber.P.toFixed (/Users/mac/Development/naluriSpace/server/node_modules/bignumber.js/bignumber.js:2506:9)
    at computePI (/Users/mac/Development/naluriSpace/server/computation/pi_digitComputation.js:25:13)
    at calculateCircumference (/Users/mac/Development/naluriSpace/server/controller/index.js:355:40)
    at updatePlanetController (/Users/mac/Development/naluriSpace/server/controller/index.js:308:53)
    at Layer.handle [as handle_request] (/Users/mac/Development/naluriSpace/server/node_modules/express/lib/router/layer.js:95:5)
    at next (/Users/mac/Development/naluriSpace/server/node_modules/express/lib/router/route.js:144:13)
    at Route.dispatch (/Users/mac/Development/naluriSpace/server/node_modules/express/lib/router/route.js:114:3)
    at Layer.handle [as handle_request] (/Users/mac/Development/naluriSpace/server/node_modules/express/lib/router/layer.js:95:5)
    at /Users/mac/Development/naluriSpace/server/node_modules/express/lib/router/index.js:284:15
2022-08-02 06:17:03 [31merror[39m: TypeError: Cannot destructure property 'planetCircumference' of 'calculationByIncrementDigitResult' as it is undefined.
    at updatePlanetController (/Users/mac/Development/naluriSpace/server/controller/index.js:312:13)
    at processTicksAndRejections (node:internal/process/task_queues:96:5)
2022-08-02 06:19:17 [31merror[39m: Error: [BigNumber Error] Argument not a primitive number: 6
    at intCheck (/Users/mac/Development/naluriSpace/server/node_modules/bignumber.js/bignumber.js:2834:13)
    at BigNumber.P.toFixed (/Users/mac/Development/naluriSpace/server/node_modules/bignumber.js/bignumber.js:2506:9)
    at computePI (/Users/mac/Development/naluriSpace/server/computation/pi_digitComputation.js:25:13)
    at calculateCircumference (/Users/mac/Development/naluriSpace/server/controller/index.js:355:40)
    at updatePlanetController (/Users/mac/Development/naluriSpace/server/controller/index.js:308:53)
    at Layer.handle [as handle_request] (/Users/mac/Development/naluriSpace/server/node_modules/express/lib/router/layer.js:95:5)
    at next (/Users/mac/Development/naluriSpace/server/node_modules/express/lib/router/route.js:144:13)
    at Route.dispatch (/Users/mac/Development/naluriSpace/server/node_modules/express/lib/router/route.js:114:3)
    at Layer.handle [as handle_request] (/Users/mac/Development/naluriSpace/server/node_modules/express/lib/router/layer.js:95:5)
    at /Users/mac/Development/naluriSpace/server/node_modules/express/lib/router/index.js:284:15
2022-08-02 06:19:17 [31merror[39m: TypeError: Cannot destructure property 'planetCircumference' of 'calculationByIncrementDigitResult' as it is undefined.
    at updatePlanetController (/Users/mac/Development/naluriSpace/server/controller/index.js:312:13)
    at processTicksAndRejections (node:internal/process/task_queues:96:5)
2022-08-02 06:19:43 [31merror[39m: Error: [BigNumber Error] Argument not a primitive number: 6
    at intCheck (/Users/mac/Development/naluriSpace/server/node_modules/bignumber.js/bignumber.js:2834:13)
    at BigNumber.P.toFixed (/Users/mac/Development/naluriSpace/server/node_modules/bignumber.js/bignumber.js:2506:9)
    at computePI (/Users/mac/Development/naluriSpace/server/computation/pi_digitComputation.js:25:13)
    at calculateCircumference (/Users/mac/Development/naluriSpace/server/controller/index.js:355:40)
    at updatePlanetController (/Users/mac/Development/naluriSpace/server/controller/index.js:308:53)
    at Layer.handle [as handle_request] (/Users/mac/Development/naluriSpace/server/node_modules/express/lib/router/layer.js:95:5)
    at next (/Users/mac/Development/naluriSpace/server/node_modules/express/lib/router/route.js:144:13)
    at Route.dispatch (/Users/mac/Development/naluriSpace/server/node_modules/express/lib/router/route.js:114:3)
    at Layer.handle [as handle_request] (/Users/mac/Development/naluriSpace/server/node_modules/express/lib/router/layer.js:95:5)
    at /Users/mac/Development/naluriSpace/server/node_modules/express/lib/router/index.js:284:15
2022-08-02 06:19:43 [31merror[39m: TypeError: Cannot destructure property 'planetCircumference' of 'calculationByIncrementDigitResult' as it is undefined.
    at updatePlanetController (/Users/mac/Development/naluriSpace/server/controller/index.js:312:13)
    at processTicksAndRejections (node:internal/process/task_queues:96:5)
2022-08-02 06:22:32 [31merror[39m: Error: [BigNumber Error] Argument not a primitive number: 6
    at intCheck (/Users/mac/Development/naluriSpace/server/node_modules/bignumber.js/bignumber.js:2834:13)
    at BigNumber.P.toFixed (/Users/mac/Development/naluriSpace/server/node_modules/bignumber.js/bignumber.js:2506:9)
    at computePI (/Users/mac/Development/naluriSpace/server/computation/pi_digitComputation.js:25:13)
    at calculateCircumference (/Users/mac/Development/naluriSpace/server/controller/index.js:354:40)
    at updatePlanetController (/Users/mac/Development/naluriSpace/server/controller/index.js:307:53)
    at Layer.handle [as handle_request] (/Users/mac/Development/naluriSpace/server/node_modules/express/lib/router/layer.js:95:5)
    at next (/Users/mac/Development/naluriSpace/server/node_modules/express/lib/router/route.js:144:13)
    at Route.dispatch (/Users/mac/Development/naluriSpace/server/node_modules/express/lib/router/route.js:114:3)
    at Layer.handle [as handle_request] (/Users/mac/Development/naluriSpace/server/node_modules/express/lib/router/layer.js:95:5)
    at /Users/mac/Development/naluriSpace/server/node_modules/express/lib/router/index.js:284:15
2022-08-02 06:22:32 [31merror[39m: TypeError: Cannot destructure property 'planetCircumference' of 'calculationByIncrementDigitResult' as it is undefined.
    at updatePlanetController (/Users/mac/Development/naluriSpace/server/controller/index.js:311:13)
    at processTicksAndRejections (node:internal/process/task_queues:96:5)
2022-08-02 06:23:50 [31merror[39m: Error: [BigNumber Error] Argument not a primitive number: 6
    at intCheck (/Users/mac/Development/naluriSpace/server/node_modules/bignumber.js/bignumber.js:2834:13)
    at BigNumber.P.toFixed (/Users/mac/Development/naluriSpace/server/node_modules/bignumber.js/bignumber.js:2506:9)
    at computePI (/Users/mac/Development/naluriSpace/server/computation/pi_digitComputation.js:25:13)
    at calculateCircumference (/Users/mac/Development/naluriSpace/server/controller/index.js:360:40)
    at updatePlanetController (/Users/mac/Development/naluriSpace/server/controller/index.js:313:53)
    at Layer.handle [as handle_request] (/Users/mac/Development/naluriSpace/server/node_modules/express/lib/router/layer.js:95:5)
    at next (/Users/mac/Development/naluriSpace/server/node_modules/express/lib/router/route.js:144:13)
    at Route.dispatch (/Users/mac/Development/naluriSpace/server/node_modules/express/lib/router/route.js:114:3)
    at Layer.handle [as handle_request] (/Users/mac/Development/naluriSpace/server/node_modules/express/lib/router/layer.js:95:5)
    at /Users/mac/Development/naluriSpace/server/node_modules/express/lib/router/index.js:284:15
2022-08-02 06:23:50 [31merror[39m: TypeError: Cannot destructure property 'planetCircumference' of 'calculationByIncrementDigitResult' as it is undefined.
    at updatePlanetController (/Users/mac/Development/naluriSpace/server/controller/index.js:317:13)
    at processTicksAndRejections (node:internal/process/task_queues:96:5)
2022-08-02 06:25:22 [31merror[39m: Error: [BigNumber Error] Argument not a primitive number: 6
    at intCheck (/Users/mac/Development/naluriSpace/server/node_modules/bignumber.js/bignumber.js:2834:13)
    at BigNumber.P.toFixed (/Users/mac/Development/naluriSpace/server/node_modules/bignumber.js/bignumber.js:2506:9)
    at computePI (/Users/mac/Development/naluriSpace/server/computation/pi_digitComputation.js:25:13)
    at calculateCircumference (/Users/mac/Development/naluriSpace/server/controller/index.js:360:40)
    at updatePlanetController (/Users/mac/Development/naluriSpace/server/controller/index.js:313:53)
    at Layer.handle [as handle_request] (/Users/mac/Development/naluriSpace/server/node_modules/express/lib/router/layer.js:95:5)
    at next (/Users/mac/Development/naluriSpace/server/node_modules/express/lib/router/route.js:144:13)
    at Route.dispatch (/Users/mac/Development/naluriSpace/server/node_modules/express/lib/router/route.js:114:3)
    at Layer.handle [as handle_request] (/Users/mac/Development/naluriSpace/server/node_modules/express/lib/router/layer.js:95:5)
    at /Users/mac/Development/naluriSpace/server/node_modules/express/lib/router/index.js:284:15
2022-08-02 06:25:22 [31merror[39m: TypeError: Cannot destructure property 'planetCircumference' of 'calculationByIncrementDigitResult' as it is undefined.
    at updatePlanetController (/Users/mac/Development/naluriSpace/server/controller/index.js:317:13)
    at processTicksAndRejections (node:internal/process/task_queues:96:5)
2022-08-02 06:26:20 [31merror[39m: Error: [BigNumber Error] Argument not a primitive number: 6
    at intCheck (/Users/mac/Development/naluriSpace/server/node_modules/bignumber.js/bignumber.js:2834:13)
    at BigNumber.P.toFixed (/Users/mac/Development/naluriSpace/server/node_modules/bignumber.js/bignumber.js:2506:9)
    at computePI (/Users/mac/Development/naluriSpace/server/computation/pi_digitComputation.js:25:13)
    at calculateCircumference (/Users/mac/Development/naluriSpace/server/controller/index.js:360:40)
    at updatePlanetController (/Users/mac/Development/naluriSpace/server/controller/index.js:313:53)
    at Layer.handle [as handle_request] (/Users/mac/Development/naluriSpace/server/node_modules/express/lib/router/layer.js:95:5)
    at next (/Users/mac/Development/naluriSpace/server/node_modules/express/lib/router/route.js:144:13)
    at Route.dispatch (/Users/mac/Development/naluriSpace/server/node_modules/express/lib/router/route.js:114:3)
    at Layer.handle [as handle_request] (/Users/mac/Development/naluriSpace/server/node_modules/express/lib/router/layer.js:95:5)
    at /Users/mac/Development/naluriSpace/server/node_modules/express/lib/router/index.js:284:15
2022-08-02 06:26:20 [31merror[39m: TypeError: Cannot destructure property 'planetCircumference' of 'calculationByIncrementDigitResult' as it is undefined.
    at updatePlanetController (/Users/mac/Development/naluriSpace/server/controller/index.js:317:13)
    at processTicksAndRejections (node:internal/process/task_queues:96:5)
2022-08-02 06:33:53 [31merror[39m: Error: [BigNumber Error] Argument not a primitive number: 6
    at intCheck (/Users/mac/Development/naluriSpace/server/node_modules/bignumber.js/bignumber.js:2834:13)
    at BigNumber.P.toFixed (/Users/mac/Development/naluriSpace/server/node_modules/bignumber.js/bignumber.js:2506:9)
    at computePI (/Users/mac/Development/naluriSpace/server/computation/pi_digitComputation.js:25:13)
    at calculateCircumference (/Users/mac/Development/naluriSpace/server/controller/index.js:360:40)
    at updatePlanetController (/Users/mac/Development/naluriSpace/server/controller/index.js:313:53)
    at Layer.handle [as handle_request] (/Users/mac/Development/naluriSpace/server/node_modules/express/lib/router/layer.js:95:5)
    at next (/Users/mac/Development/naluriSpace/server/node_modules/express/lib/router/route.js:144:13)
    at Route.dispatch (/Users/mac/Development/naluriSpace/server/node_modules/express/lib/router/route.js:114:3)
    at Layer.handle [as handle_request] (/Users/mac/Development/naluriSpace/server/node_modules/express/lib/router/layer.js:95:5)
    at /Users/mac/Development/naluriSpace/server/node_modules/express/lib/router/index.js:284:15
2022-08-02 06:33:53 [31merror[39m: TypeError: Cannot destructure property 'planetCircumference' of 'calculationByIncrementDigitResult' as it is undefined.
    at updatePlanetController (/Users/mac/Development/naluriSpace/server/controller/index.js:317:13)
    at processTicksAndRejections (node:internal/process/task_queues:96:5)
2022-08-02 06:34:40 [31merror[39m: Error: [BigNumber Error] Argument not a primitive number: 6
    at intCheck (/Users/mac/Development/naluriSpace/server/node_modules/bignumber.js/bignumber.js:2834:13)
    at BigNumber.P.toFixed (/Users/mac/Development/naluriSpace/server/node_modules/bignumber.js/bignumber.js:2506:9)
    at computePI (/Users/mac/Development/naluriSpace/server/computation/pi_digitComputation.js:25:13)
    at calculateCircumference (/Users/mac/Development/naluriSpace/server/controller/index.js:360:40)
    at updatePlanetController (/Users/mac/Development/naluriSpace/server/controller/index.js:313:53)
    at Layer.handle [as handle_request] (/Users/mac/Development/naluriSpace/server/node_modules/express/lib/router/layer.js:95:5)
    at next (/Users/mac/Development/naluriSpace/server/node_modules/express/lib/router/route.js:144:13)
    at Route.dispatch (/Users/mac/Development/naluriSpace/server/node_modules/express/lib/router/route.js:114:3)
    at Layer.handle [as handle_request] (/Users/mac/Development/naluriSpace/server/node_modules/express/lib/router/layer.js:95:5)
    at /Users/mac/Development/naluriSpace/server/node_modules/express/lib/router/index.js:284:15
2022-08-02 06:34:40 [31merror[39m: TypeError: Cannot destructure property 'planetCircumference' of 'calculationByIncrementDigitResult' as it is undefined.
    at updatePlanetController (/Users/mac/Development/naluriSpace/server/controller/index.js:317:13)
    at processTicksAndRejections (node:internal/process/task_queues:96:5)
2022-08-02 06:35:58 [31merror[39m: Error: [BigNumber Error] Argument not a primitive number: 6
    at intCheck (/Users/mac/Development/naluriSpace/server/node_modules/bignumber.js/bignumber.js:2834:13)
    at BigNumber.P.toFixed (/Users/mac/Development/naluriSpace/server/node_modules/bignumber.js/bignumber.js:2506:9)
    at computePI (/Users/mac/Development/naluriSpace/server/computation/pi_digitComputation.js:25:13)
    at calculateCircumference (/Users/mac/Development/naluriSpace/server/controller/index.js:360:40)
    at updatePlanetController (/Users/mac/Development/naluriSpace/server/controller/index.js:313:53)
    at Layer.handle [as handle_request] (/Users/mac/Development/naluriSpace/server/node_modules/express/lib/router/layer.js:95:5)
    at next (/Users/mac/Development/naluriSpace/server/node_modules/express/lib/router/route.js:144:13)
    at Route.dispatch (/Users/mac/Development/naluriSpace/server/node_modules/express/lib/router/route.js:114:3)
    at Layer.handle [as handle_request] (/Users/mac/Development/naluriSpace/server/node_modules/express/lib/router/layer.js:95:5)
    at /Users/mac/Development/naluriSpace/server/node_modules/express/lib/router/index.js:284:15
2022-08-02 06:35:58 [31merror[39m: TypeError: Cannot destructure property 'planetCircumference' of 'calculationByIncrementDigitResult' as it is undefined.
    at updatePlanetController (/Users/mac/Development/naluriSpace/server/controller/index.js:317:13)
    at processTicksAndRejections (node:internal/process/task_queues:96:5)
2022-08-02 06:36:13 [31merror[39m: Error: [BigNumber Error] Argument not a primitive number: 6
    at intCheck (/Users/mac/Development/naluriSpace/server/node_modules/bignumber.js/bignumber.js:2834:13)
    at BigNumber.P.toFixed (/Users/mac/Development/naluriSpace/server/node_modules/bignumber.js/bignumber.js:2506:9)
    at computePI (/Users/mac/Development/naluriSpace/server/computation/pi_digitComputation.js:25:13)
    at calculateCircumference (/Users/mac/Development/naluriSpace/server/controller/index.js:360:40)
    at updatePlanetController (/Users/mac/Development/naluriSpace/server/controller/index.js:313:53)
    at Layer.handle [as handle_request] (/Users/mac/Development/naluriSpace/server/node_modules/express/lib/router/layer.js:95:5)
    at next (/Users/mac/Development/naluriSpace/server/node_modules/express/lib/router/route.js:144:13)
    at Route.dispatch (/Users/mac/Development/naluriSpace/server/node_modules/express/lib/router/route.js:114:3)
    at Layer.handle [as handle_request] (/Users/mac/Development/naluriSpace/server/node_modules/express/lib/router/layer.js:95:5)
    at /Users/mac/Development/naluriSpace/server/node_modules/express/lib/router/index.js:284:15
2022-08-02 06:36:13 [31merror[39m: TypeError: Cannot destructure property 'planetCircumference' of 'calculationByIncrementDigitResult' as it is undefined.
    at updatePlanetController (/Users/mac/Development/naluriSpace/server/controller/index.js:317:13)
    at processTicksAndRejections (node:internal/process/task_queues:96:5)
2022-08-02 10:37:25 [31merror[39m: Error: Unknown column 'NaN' in 'field list'
    at PromisePool.query (/Users/mac/Development/naluriSpace/server/node_modules/mysql2/promise.js:341:22)
    at Object.updatePlanetQuery (/Users/mac/Development/naluriSpace/server/model/index.js:183:14)
    at processTicksAndRejections (node:internal/process/task_queues:96:5)
    at async updatePlanetController (/Users/mac/Development/naluriSpace/server/controller/index.js:331:5)
2022-08-02 10:37:39 [31merror[39m: Error: Unknown column 'NaN' in 'field list'
    at PromisePool.query (/Users/mac/Development/naluriSpace/server/node_modules/mysql2/promise.js:341:22)
    at Object.updatePlanetQuery (/Users/mac/Development/naluriSpace/server/model/index.js:183:14)
    at processTicksAndRejections (node:internal/process/task_queues:96:5)
    at async updatePlanetController (/Users/mac/Development/naluriSpace/server/controller/index.js:331:5)
2022-08-02 11:14:12 [31merror[39m: error: invalid input syntax for type numeric: ""
    at Parser.parseErrorMessage (/Users/mac/Development/naluriSpace/server/node_modules/pg-protocol/dist/parser.js:287:98)
    at Parser.handlePacket (/Users/mac/Development/naluriSpace/server/node_modules/pg-protocol/dist/parser.js:126:29)
    at Parser.parse (/Users/mac/Development/naluriSpace/server/node_modules/pg-protocol/dist/parser.js:39:38)
    at Socket.<anonymous> (/Users/mac/Development/naluriSpace/server/node_modules/pg-protocol/dist/index.js:11:42)
    at Socket.emit (node:events:390:28)
    at addChunk (node:internal/streams/readable:315:12)
    at readableAddChunk (node:internal/streams/readable:289:9)
    at Socket.Readable.push (node:internal/streams/readable:228:10)
    at TCP.onStreamRead (node:internal/stream_base_commons:199:23)
2022-08-02 11:47:15 [31merror[39m: Error: Unknown column 'NaN' in 'field list'
    at PromisePool.query (/Users/mac/Development/naluriSpace/server/node_modules/mysql2/promise.js:341:22)
    at Object.insertPlanetSurfaceQuery (/Users/mac/Development/naluriSpace/server/model/index.js:156:14)
    at processTicksAndRejections (node:internal/process/task_queues:96:5)
    at async insertPlanetIncrementController (/Users/mac/Development/naluriSpace/server/controller/index.js:275:7)
2022-08-02 11:47:40 [31merror[39m: Error: Unknown column 'NaN' in 'field list'
    at PromisePool.query (/Users/mac/Development/naluriSpace/server/node_modules/mysql2/promise.js:341:22)
    at Object.insertPlanetSurfaceQuery (/Users/mac/Development/naluriSpace/server/model/index.js:156:14)
    at processTicksAndRejections (node:internal/process/task_queues:96:5)
    at async insertPlanetIncrementController (/Users/mac/Development/naluriSpace/server/controller/index.js:275:7)
2022-08-02 11:49:05 [31merror[39m: Error: Unknown column 'NaN' in 'field list'
    at PromisePool.query (/Users/mac/Development/naluriSpace/server/node_modules/mysql2/promise.js:341:22)
    at Object.insertPlanetSurfaceQuery (/Users/mac/Development/naluriSpace/server/model/index.js:156:14)
    at processTicksAndRejections (node:internal/process/task_queues:96:5)
    at async insertPlanetIncrementController (/Users/mac/Development/naluriSpace/server/controller/index.js:275:7)
2022-08-02 11:52:04 [31merror[39m: Error: Unknown column 'NaN' in 'field list'
    at PromisePool.query (/Users/mac/Development/naluriSpace/server/node_modules/mysql2/promise.js:341:22)
    at Object.insertPlanetSurfaceQuery (/Users/mac/Development/naluriSpace/server/model/index.js:156:14)
    at processTicksAndRejections (node:internal/process/task_queues:96:5)
    at async insertPlanetIncrementController (/Users/mac/Development/naluriSpace/server/controller/index.js:275:7)
2022-08-02 11:53:14 [31merror[39m: Error: Unknown column 'NaN' in 'field list'
    at PromisePool.query (/Users/mac/Development/naluriSpace/server/node_modules/mysql2/promise.js:341:22)
    at Object.insertPlanetSurfaceQuery (/Users/mac/Development/naluriSpace/server/model/index.js:156:14)
    at processTicksAndRejections (node:internal/process/task_queues:96:5)
    at async insertPlanetIncrementController (/Users/mac/Development/naluriSpace/server/controller/index.js:275:7)
2022-08-02 11:54:55 [31merror[39m: Error: Unknown column 'NaN' in 'field list'
    at PromisePool.query (/Users/mac/Development/naluriSpace/server/node_modules/mysql2/promise.js:341:22)
    at Object.insertPlanetSurfaceQuery (/Users/mac/Development/naluriSpace/server/model/index.js:156:14)
    at processTicksAndRejections (node:internal/process/task_queues:96:5)
    at async insertPlanetIncrementController (/Users/mac/Development/naluriSpace/server/controller/index.js:275:7)
2022-08-02 12:11:31 [31merror[39m: error: invalid input syntax for type numeric: ""
    at Parser.parseErrorMessage (/Users/mac/Development/naluriSpace/server/node_modules/pg-protocol/dist/parser.js:287:98)
    at Parser.handlePacket (/Users/mac/Development/naluriSpace/server/node_modules/pg-protocol/dist/parser.js:126:29)
    at Parser.parse (/Users/mac/Development/naluriSpace/server/node_modules/pg-protocol/dist/parser.js:39:38)
    at Socket.<anonymous> (/Users/mac/Development/naluriSpace/server/node_modules/pg-protocol/dist/index.js:11:42)
    at Socket.emit (node:events:390:28)
    at addChunk (node:internal/streams/readable:315:12)
    at readableAddChunk (node:internal/streams/readable:289:9)
    at Socket.Readable.push (node:internal/streams/readable:228:10)
    at TCP.onStreamRead (node:internal/stream_base_commons:199:23)
